<?xml version="1.0" encoding="UTF-8"?>
<!-- Generated by org.testng.reporters.JUnitReportReporter -->
<testsuite hostname="Sciencefreek" failures="0" tests="1" name="konnectify.tests.LoginTest1" time="10.164" errors="0" timestamp="2024-05-29T14:43:25 IST" skipped="0">
  <testcase classname="konnectify.tests.LoginTest1" name="LoginTest" time="10.164"/>
  <system-out/>
</testsuite> <!-- konnectify.tests.LoginTest1 -->
