<?xml version="1.0" encoding="UTF-8"?>
<!-- Generated by org.testng.reporters.JUnitReportReporter -->
<testsuite hostname="Sciencefreek" failures="0" tests="1" name="konnectify.tests.Signup_Test2" time="11.857" errors="0" timestamp="2024-05-29T14:43:25 IST" skipped="0">
  <testcase classname="konnectify.tests.Signup_Test2" name="signupTest" time="11.857"/>
  <system-out/>
</testsuite> <!-- konnectify.tests.Signup_Test2 -->
