<?xml version="1.0" encoding="UTF-8"?>
<!-- Generated by org.testng.reporters.JUnitReportReporter -->
<testsuite hostname="Sciencefreek" failures="0" tests="1" name="konnectify.tests.Signup_Test2" time="9.898" errors="0" timestamp="2024-05-29T13:05:36 IST" skipped="0">
  <testcase classname="konnectify.tests.Signup_Test2" name="signupTest" time="9.898"/>
  <system-out/>
</testsuite> <!-- konnectify.tests.Signup_Test2 -->
