<?xml version="1.0" encoding="UTF-8"?>
<!-- Generated by org.testng.reporters.JUnitReportReporter -->
<testsuite hostname="Sciencefreek" failures="0" tests="1" name="konnectify.tests.LoginTest2" time="12.157" errors="0" timestamp="2024-05-29T14:43:25 IST" skipped="0">
  <testcase classname="konnectify.tests.LoginTest2" name="LoginTest" time="12.157"/>
  <system-out/>
</testsuite> <!-- konnectify.tests.LoginTest2 -->
